2019-01-31 12:56:47.060 [main] INFO  com.elodie.jeux.Main - Entering application.
2019-01-31 12:56:56.471 [main] INFO  com.elodie.jeux.Main - jeu recherche+/-
2019-01-31 12:56:57.956 [main] INFO  com.elodie.jeux.Main - mode defenseur
2019-01-31 12:57:05.959 [main] INFO  com.elodie.jeux.Main - code secret avec 4 cases: (Code Secret: 1234)
2019-01-31 12:57:17.963 [main] INFO  com.elodie.jeux.Main - combinaison non trouvée.
2019-01-31 12:57:20.042 [main] INFO  com.elodie.jeux.Main - réponse à stopouencore(): N
2019-01-31 12:57:20.526 [main] INFO  com.elodie.jeux.Main - réponse à backToMenu(): N
2019-01-31 12:57:20.526 [main] INFO  com.elodie.jeux.Main - Exiting application.
2019-01-31 13:15:51.719 [main] INFO  com.elodie.jeux.Main - Entering application.
2019-01-31 13:15:54.735 [main] INFO  com.elodie.jeux.Main - jeu recherche+/-
2019-01-31 13:15:55.580 [main] INFO  com.elodie.jeux.Main - mode defenseur
2019-01-31 13:16:00.754 [main] INFO  com.elodie.jeux.Main - code secret avec 4 cases: (Code Secret: 1111)
2019-01-31 13:16:10.757 [main] INFO  com.elodie.jeux.Main - combinaison trouvée.
2019-01-31 13:16:23.057 [main] INFO  com.elodie.jeux.Main - réponse à stopouencore(): N
2019-01-31 13:16:23.761 [main] INFO  com.elodie.jeux.Main - réponse à backToMenu(): N
2019-01-31 13:16:23.761 [main] INFO  com.elodie.jeux.Main - Exiting application.
2019-01-31 13:17:13.794 [main] INFO  com.elodie.jeux.Main - Entering application.
2019-01-31 13:17:15.905 [main] INFO  com.elodie.jeux.Main - jeu recherche+/-
2019-01-31 13:17:16.232 [main] INFO  com.elodie.jeux.Main - mode defenseur
2019-01-31 13:17:18.982 [main] INFO  com.elodie.jeux.Main - code secret avec 4 cases: (Code Secret: 5555)
2019-01-31 13:17:34.988 [main] INFO  com.elodie.jeux.Main - combinaison trouvée.
2019-01-31 13:17:38.412 [main] INFO  com.elodie.jeux.Main - réponse à stopouencore(): N
2019-01-31 13:17:39.318 [main] INFO  com.elodie.jeux.Main - réponse à backToMenu(): N
2019-01-31 13:17:39.318 [main] INFO  com.elodie.jeux.Main - Exiting application.
2019-01-31 13:31:24.928 [main] INFO  com.elodie.jeux.Main - Entering application.
2019-01-31 13:31:29.820 [main] INFO  com.elodie.jeux.Main - jeu mastermind
2019-01-31 13:31:32.337 [main] INFO  com.elodie.jeux.Main - mode defenseur
2019-01-31 13:31:35.557 [main] INFO  com.elodie.jeux.Main - code secret avec 4 cases: (Code Secret: 5555)
2019-01-31 13:31:55.565 [main] INFO  com.elodie.jeux.Main - combinaison non trouvée.
2019-01-31 13:31:57.926 [main] INFO  com.elodie.jeux.Main - réponse à stopouencore(): N
2019-01-31 13:31:58.629 [main] INFO  com.elodie.jeux.Main - réponse à backToMenu(): N
2019-01-31 13:31:58.629 [main] INFO  com.elodie.jeux.Main - Exiting application.
2019-01-31 14:11:45.615 [main] INFO  com.elodie.jeux.Main - Entering application.
2019-01-31 14:11:47.993 [main] INFO  com.elodie.jeux.Main - jeu mastermind
2019-01-31 14:11:49.368 [main] INFO  com.elodie.jeux.Main - mode duel
2019-01-31 14:11:49.368 [main] INFO  com.elodie.jeux.Main - code secret de 4 cases: (Code Secret: 5982)
2019-01-31 14:11:51.854 [main] INFO  com.elodie.jeux.Main - code secret avec 4 cases: (Code Secret: 5555)
2019-01-31 14:12:13.376 [main] ERROR com.elodie.jeux.Main - Bad size catched = 5, expected: 4
2019-01-31 14:12:29.445 [main] ERROR com.elodie.jeux.Main - Bad size catched = 0, expected: 4
2019-01-31 14:12:44.715 [main] INFO  com.elodie.jeux.Main - combinaison non trouvée.
2019-01-31 14:12:51.624 [main] ERROR com.elodie.jeux.Main - NotALetter catched = 5312
2019-01-31 14:12:51.624 [main] ERROR com.elodie.jeux.Main - not O or N catched = 5312
2019-01-31 14:12:57.454 [main] INFO  com.elodie.jeux.Main - réponse à stopouencore(): N
2019-01-31 14:13:03.032 [main] INFO  com.elodie.jeux.Main - réponse à backToMenu(): N
2019-01-31 14:13:03.032 [main] INFO  com.elodie.jeux.Main - Exiting application.
