2019-01-21 13:19:57.347 [main] INFO  com.elodie.jeux.Main - Entering application.
2019-01-21 13:20:02.007 [main] INFO  com.elodie.jeux.Main - jeu n° 1 jeu recherche+/-
2019-01-21 13:20:03.257 [main] INFO  com.elodie.jeux.Main - mode n° 2 mode defenseur
2019-01-21 13:20:04.709 [main] INFO  com.elodie.jeux.Main - nombre de cases choisi: 4 \ maj propriété max.cases: 4
2019-01-21 13:20:05.978 [main] INFO  com.elodie.jeux.Main - code secret avec 4 cases: (Code Secret: 4444)
2019-01-21 13:20:06.665 [main] INFO  com.elodie.jeux.Main - nombre d'essais choisi: 4 \ maj propriété propriété max.tries: 4
2019-01-21 13:20:17.230 [main] INFO  com.elodie.jeux.Main - réponse à stopouencore(): N
2019-01-21 13:20:17.777 [main] INFO  com.elodie.jeux.Main - réponse à backToMenu(): N
2019-01-21 13:20:17.777 [main] INFO  com.elodie.jeux.Main - Exiting application.
2019-01-21 13:21:07.059 [main] INFO  com.elodie.jeux.Main - Entering application.
2019-01-21 13:21:09.935 [main] INFO  com.elodie.jeux.Main - jeu n° 1 jeu recherche+/-
2019-01-21 13:21:11.483 [main] INFO  com.elodie.jeux.Main - mode n° 2 mode defenseur
2019-01-21 13:21:13.321 [main] INFO  com.elodie.jeux.Main - nombre de cases choisi: 4 \ maj propriété max.cases: 4
2019-01-21 13:21:15.119 [main] INFO  com.elodie.jeux.Main - code secret avec 4 cases: (Code Secret: 4000)
2019-01-21 13:21:18.182 [main] INFO  com.elodie.jeux.Main - nombre d'essais choisi: 4 \ maj propriété propriété max.tries: 4
2019-01-21 13:21:30.138 [main] INFO  com.elodie.jeux.Main - réponse à stopouencore(): N
2019-01-21 13:21:30.716 [main] INFO  com.elodie.jeux.Main - réponse à backToMenu(): N
2019-01-21 13:21:30.716 [main] INFO  com.elodie.jeux.Main - Exiting application.
2019-01-21 13:24:30.308 [main] INFO  com.elodie.jeux.Main - Entering application.
2019-01-21 13:24:44.832 [main] INFO  com.elodie.jeux.Main - jeu n° 1 jeu recherche+/-
2019-01-21 13:24:45.428 [main] INFO  com.elodie.jeux.Main - mode n° 2 mode defenseur
2019-01-21 13:24:47.193 [main] INFO  com.elodie.jeux.Main - nombre de cases choisi: 4 \ maj propriété max.cases: 4
2019-01-21 13:24:50.053 [main] INFO  com.elodie.jeux.Main - code secret avec 4 cases: (Code Secret: 4444)
2019-01-21 13:24:51.021 [main] INFO  com.elodie.jeux.Main - nombre d'essais choisi: 4 \ maj propriété propriété max.tries: 4
2019-01-21 13:25:01.087 [main] INFO  com.elodie.jeux.Main - réponse à stopouencore(): N
2019-01-21 13:25:01.728 [main] INFO  com.elodie.jeux.Main - réponse à backToMenu(): N
2019-01-21 13:25:01.728 [main] INFO  com.elodie.jeux.Main - Exiting application.
2019-01-21 13:28:07.168 [main] INFO  com.elodie.jeux.Main - Entering application.
2019-01-21 13:28:09.391 [main] INFO  com.elodie.jeux.Main - jeu n° 1 jeu recherche+/-
2019-01-21 13:28:09.939 [main] INFO  com.elodie.jeux.Main - mode n° 2 mode defenseur
2019-01-21 13:28:10.783 [main] INFO  com.elodie.jeux.Main - nombre de cases choisi: 4 \ maj propriété max.cases: 4
2019-01-21 13:28:11.924 [main] INFO  com.elodie.jeux.Main - code secret avec 4 cases: (Code Secret: 4444)
2019-01-21 13:28:12.861 [main] INFO  com.elodie.jeux.Main - nombre d'essais choisi: 4 \ maj propriété propriété max.tries: 4
2019-01-21 13:28:25.476 [main] INFO  com.elodie.jeux.Main - réponse à stopouencore(): N
2019-01-21 13:28:26.509 [main] INFO  com.elodie.jeux.Main - réponse à backToMenu(): N
2019-01-21 13:28:26.509 [main] INFO  com.elodie.jeux.Main - Exiting application.
2019-01-21 13:31:51.998 [main] INFO  com.elodie.jeux.Main - Entering application.
2019-01-21 13:31:55.795 [main] INFO  com.elodie.jeux.Main - jeu n° 1 jeu recherche+/-
2019-01-21 13:31:56.828 [main] INFO  com.elodie.jeux.Main - mode n° 2 mode defenseur
2019-01-21 13:32:00.109 [main] INFO  com.elodie.jeux.Main - nombre de cases choisi: 4 \ maj propriété max.cases: 4
2019-01-21 13:32:00.109 [main] INFO  com.elodie.jeux.Main - code secret avec 4 cases: (Code Secret: 4000)
2019-01-21 13:32:00.141 [main] INFO  com.elodie.jeux.Main - nombre d'essais choisi:  \ maj propriété propriété max.tries: 
