2019-01-31 09:49:36.391 [main] INFO  com.elodie.jeux.Main - Entering application.
2019-01-31 09:49:42.534 [main] ERROR com.elodie.jeux.Main - NotANumber catched = m
2019-01-31 09:49:42.534 [main] ERROR com.elodie.jeux.Main - Not 1 or 2 catched = 0
2019-01-31 09:49:45.284 [main] ERROR com.elodie.jeux.Main - Not 1 or 2 catched = 4
2019-01-31 09:49:47.660 [main] INFO  com.elodie.jeux.Main - jeu recherche+/-
2019-01-31 09:49:50.865 [main] ERROR com.elodie.jeux.Main - NotANumber catched = m
2019-01-31 09:49:50.865 [main] ERROR com.elodie.jeux.Main - Not 1 or 2 catched = 0
2019-01-31 09:49:54.085 [main] ERROR com.elodie.jeux.Main - Not 1 or 2 catched = 22
2019-01-31 09:49:55.836 [main] INFO  com.elodie.jeux.Main - mode challenger
2019-01-31 09:49:55.836 [main] INFO  com.elodie.jeux.Main - code secret de 4 cases: (Code Secret: 9720)
2019-01-31 09:50:03.181 [main] INFO  com.elodie.jeux.Main - combinaison trouvée.
2019-01-31 09:50:06.573 [main] ERROR com.elodie.jeux.Main - not O or N catched = P
2019-01-31 09:50:08.761 [main] ERROR com.elodie.jeux.Main - NotALetter catched = 5
2019-01-31 09:50:08.761 [main] ERROR com.elodie.jeux.Main - not O or N catched = 5
2019-01-31 09:50:10.980 [main] INFO  com.elodie.jeux.Main - réponse à stopouencore(): O
2019-01-31 09:50:10.980 [main] INFO  com.elodie.jeux.Main - code secret de 4 cases: (Code Secret: 8029)
2019-01-31 09:50:13.903 [main] INFO  com.elodie.jeux.Main - combinaison trouvée.
2019-01-31 09:50:15.825 [main] INFO  com.elodie.jeux.Main - réponse à stopouencore(): N
2019-01-31 09:50:16.497 [main] INFO  com.elodie.jeux.Main - réponse à backToMenu(): O
2019-01-31 09:50:20.986 [main] INFO  com.elodie.jeux.Main - jeu recherche+/-
2019-01-31 09:50:22.862 [main] INFO  com.elodie.jeux.Main - mode defenseur
2019-01-31 09:50:26.472 [main] INFO  com.elodie.jeux.Main - code secret avec 4 cases: (Code Secret: 1111)
2019-01-31 09:50:32.474 [main] INFO  com.elodie.jeux.Main - combinaison trouvée.
2019-01-31 09:50:35.648 [main] INFO  com.elodie.jeux.Main - réponse à stopouencore(): N
2019-01-31 09:50:36.884 [main] INFO  com.elodie.jeux.Main - réponse à backToMenu(): N
2019-01-31 09:50:36.884 [main] INFO  com.elodie.jeux.Main - Exiting application.
